2023-09-20T14:14:25+00:00 ERROR Error getting data feed
2023-09-20T14:14:25+00:00 ERROR WP_Error Object
(
    [errors] => Array
        (
            [http_request_failed] => Array
                (
                    [0] => cURL error 35: OpenSSL SSL_connect: Connection was reset in connection to woocommerce.com:443 
                )

        )

    [error_data] => Array
        (
        )

    [additional_data:protected] => Array
        (
        )

)

2023-09-20T14:14:26+00:00 ERROR Error getting data feed
2023-09-20T14:14:26+00:00 ERROR WP_Error Object
(
    [errors] => Array
        (
            [http_request_failed] => Array
                (
                    [0] => cURL error 35: OpenSSL SSL_connect: Connection was reset in connection to woocommerce.com:443 
                )

        )

    [error_data] => Array
        (
        )

    [additional_data:protected] => Array
        (
        )

)

2023-09-20T14:14:28+00:00 ERROR Error getting data feed
2023-09-20T14:14:28+00:00 ERROR WP_Error Object
(
    [errors] => Array
        (
            [http_request_failed] => Array
                (
                    [0] => cURL error 35: OpenSSL SSL_connect: Connection was reset in connection to woocommerce.com:443 
                )

        )

    [error_data] => Array
        (
        )

    [additional_data:protected] => Array
        (
        )

)

2023-09-20T14:14:28+00:00 ERROR Error getting data feed
2023-09-20T14:14:28+00:00 ERROR WP_Error Object
(
    [errors] => Array
        (
            [http_request_failed] => Array
                (
                    [0] => cURL error 35: OpenSSL SSL_connect: Connection was reset in connection to woocommerce.com:443 
                )

        )

    [error_data] => Array
        (
        )

    [additional_data:protected] => Array
        (
        )

)

2023-09-20T14:15:43+00:00 ERROR Error getting data feed
2023-09-20T14:15:43+00:00 ERROR WP_Error Object
(
    [errors] => Array
        (
            [http_request_failed] => Array
                (
                    [0] => cURL error 35: OpenSSL SSL_connect: Connection was reset in connection to woocommerce.com:443 
                )

        )

    [error_data] => Array
        (
        )

    [additional_data:protected] => Array
        (
        )

)

2023-09-20T14:16:00+00:00 ERROR Error getting data feed
2023-09-20T14:16:00+00:00 ERROR WP_Error Object
(
    [errors] => Array
        (
            [http_request_failed] => Array
                (
                    [0] => cURL error 35: OpenSSL SSL_connect: Connection was reset in connection to woocommerce.com:443 
                )

        )

    [error_data] => Array
        (
        )

    [additional_data:protected] => Array
        (
        )

)

2023-09-20T14:16:00+00:00 ERROR Error getting data feed
2023-09-20T14:16:00+00:00 ERROR WP_Error Object
(
    [errors] => Array
        (
            [http_request_failed] => Array
                (
                    [0] => cURL error 35: OpenSSL SSL_connect: Connection was reset in connection to woocommerce.com:443 
                )

        )

    [error_data] => Array
        (
        )

    [additional_data:protected] => Array
        (
        )

)

2023-09-20T14:18:45+00:00 ERROR Error getting data feed
2023-09-20T14:18:45+00:00 ERROR WP_Error Object
(
    [errors] => Array
        (
            [http_request_failed] => Array
                (
                    [0] => cURL error 35: OpenSSL SSL_connect: Connection was reset in connection to woocommerce.com:443 
                )

        )

    [error_data] => Array
        (
        )

    [additional_data:protected] => Array
        (
        )

)

